<?xml version="1.0" encoding="UTF-8"?>
<!-- Generated by org.testng.reporters.JUnitReportReporter -->
<testsuite skipped="0" hostname="PC" name="TestRunners.TestRunner" tests="1" failures="0" timestamp="31 May 2021 07:16:00 GMT" time="75.181" errors="0">
  <testcase name="feature" time="75.181" classname="TestRunners.TestRunner"/>
</testsuite> <!-- TestRunners.TestRunner -->
